0 info it worked if it ends with ok
1 verbose cli [ 'node', '/usr/local/bin/npm', 'publish' ]
2 info using npm@2.7.5
3 info using node@v0.10.25
4 verbose node symlink /usr/bin/node
5 verbose publish [ '.' ]
6 silly cache add args [ '.', null ]
7 verbose cache add spec .
8 silly cache add parsed spec { raw: '.',
8 silly cache add   scope: null,
8 silly cache add   name: null,
8 silly cache add   rawSpec: '.',
8 silly cache add   spec: '/home/user/NetBeansProjects/Athene2/athene2-editor',
8 silly cache add   type: 'directory' }
9 verbose addLocalDirectory /home/user/.npm/athene2-editor/0.2.23/package.tgz not in flight; packing
10 verbose tar pack [ '/home/user/.npm/athene2-editor/0.2.23/package.tgz',
10 verbose tar pack   '/home/user/NetBeansProjects/Athene2/athene2-editor' ]
11 verbose tarball /home/user/.npm/athene2-editor/0.2.23/package.tgz
12 verbose folder /home/user/NetBeansProjects/Athene2/athene2-editor
13 info prepublish athene2-editor@0.2.23
14 verbose addLocalTarball adding from inside cache /home/user/.npm/athene2-editor/0.2.23/package.tgz
15 silly cache afterAdd athene2-editor@0.2.23
16 verbose afterAdd /home/user/.npm/athene2-editor/0.2.23/package/package.json not in flight; writing
17 verbose afterAdd /home/user/.npm/athene2-editor/0.2.23/package/package.json written
18 silly publish { name: 'athene2-editor',
18 silly publish   author: { name: 'ju' },
18 silly publish   email: 'ju@formundcode.de',
18 silly publish   repository:
18 silly publish    { type: 'git',
18 silly publish      url: 'https://github.com/serlo-org/athene2-editor' },
18 silly publish   description: 'Athene2 Markdown Editor - Further information will be available soon',
18 silly publish   version: '0.2.23',
18 silly publish   contributors: [ { name: 'arekkas' } ],
18 silly publish   dependencies: { dnode: '1.2.0', showdown: '~0.3.1' },
18 silly publish   devDependencies:
18 silly publish    { grunt: '~0.4.1',
18 silly publish      'grunt-contrib-copy': '~0.4.1',
18 silly publish      'grunt-contrib-concat': '~0.3.0',
18 silly publish      'grunt-contrib-coffee': '~0.7.0',
18 silly publish      'grunt-contrib-uglify': '~0.2.0',
18 silly publish      'grunt-contrib-compass': '~0.5.0',
18 silly publish      'grunt-contrib-jshint': '~0.6.3',
18 silly publish      'grunt-contrib-cssmin': '~0.6.0',
18 silly publish      'grunt-contrib-connect': '~0.3.0',
18 silly publish      'grunt-contrib-clean': '~0.5.0',
18 silly publish      'grunt-contrib-htmlmin': '~0.1.3',
18 silly publish      'grunt-bower-install': '~0.5.0',
18 silly publish      'grunt-contrib-imagemin': '~0.1.0',
18 silly publish      'grunt-contrib-watch': '~0.5.2',
18 silly publish      'grunt-contrib-requirejs': '~0.4.1',
18 silly publish      'grunt-rev': '~0.1.0',
18 silly publish      'grunt-autoprefixer': '~0.2.0',
18 silly publish      'grunt-usemin': '~0.1.10',
18 silly publish      'grunt-mocha': '~0.4.0',
18 silly publish      'grunt-open': '~0.2.0',
18 silly publish      'grunt-modernizr': '~0.3.0',
18 silly publish      'grunt-svgmin': '~0.2.0',
18 silly publish      'grunt-concurrent': '~0.3.0',
18 silly publish      'load-grunt-tasks': '~0.1.0',
18 silly publish      'connect-livereload': '~0.2.0',
18 silly publish      'time-grunt': '~0.1.1',
18 silly publish      'grunt-file-process': '~0.2.2' },
18 silly publish   engines: { node: '>=0.8.0' },
18 silly publish   readme: 'Athene2 Editor\n==============\n\nYou\'ll need [NodeJS](http://nodejs.org) and Ruby installed. Also make sure that bower and grunt are installed:\n\n```\nnpm install bower -g\nnpm install grunt-cli -g\ngem update --system\ngem install compass --version 0.12.2\ngem install sass --version 3.2.10\n```\n\nNow, install the packages needed by the Editor:\n\n```\nnpm install\nbower install\ngrunt dev\n```\n\nFinally, open the Editor by opening the `index.html` in your browser (served by a webserver like apache2).\n',
18 silly publish   readmeFilename: 'README.md',
18 silly publish   gitHead: 'cf3b88e77c4edad2ade85c93ac3781f2bea16345',
18 silly publish   bugs: { url: 'https://github.com/serlo-org/athene2-editor/issues' },
18 silly publish   homepage: 'https://github.com/serlo-org/athene2-editor',
18 silly publish   _id: 'athene2-editor@0.2.23',
18 silly publish   scripts: {},
18 silly publish   _shasum: 'c4c6b02a69fd02f103d9b693c5df42516abf4d60',
18 silly publish   _from: '.' }
19 silly mapToRegistry name athene2-editor
20 silly mapToRegistry using default registry
21 silly mapToRegistry registry https://registry.npmjs.org/
22 silly mapToRegistry uri https://registry.npmjs.org/athene2-editor
23 verbose publish registryBase https://registry.npmjs.org/
24 silly publish uploading /home/user/.npm/athene2-editor/0.2.23/package.tgz
25 verbose request uri https://registry.npmjs.org/athene2-editor
26 verbose request sending authorization for write operation
27 info attempt registry request try #1 at 10:50:37
28 verbose request using bearer token for auth
29 verbose request id 4fd091092a85676f
30 http request PUT https://registry.npmjs.org/athene2-editor
31 http 403 https://registry.npmjs.org/athene2-editor
32 verbose headers { date: 'Wed, 29 Apr 2015 08:50:52 GMT',
32 verbose headers   server: 'Apache',
32 verbose headers   'content-type': 'application/json',
32 verbose headers   'cache-control': 'max-age=60',
32 verbose headers   'content-length': '96',
32 verbose headers   'accept-ranges': 'bytes',
32 verbose headers   via: '1.1 varnish',
32 verbose headers   'x-served-by': 'cache-fra1239-FRA',
32 verbose headers   'x-cache': 'MISS',
32 verbose headers   'x-cache-hits': '0',
32 verbose headers   'x-timer': 'S1430297437.748865,VS0,VE14688',
32 verbose headers   'keep-alive': 'timeout=10, max=50',
32 verbose headers   connection: 'Keep-Alive' }
33 verbose request invalidating /home/user/.npm/registry.npmjs.org/athene2-editor on PUT
34 error publish Failed PUT 403
35 verbose stack Error: "You cannot publish over the previously published version 0.2.23." : athene2-editor
35 verbose stack     at CachingRegistryClient.<anonymous> (/usr/local/lib/node_modules/npm/node_modules/npm-registry-client/lib/request.js:247:14)
35 verbose stack     at Request._callback (/usr/local/lib/node_modules/npm/node_modules/npm-registry-client/lib/request.js:170:14)
35 verbose stack     at Request.self.callback (/usr/local/lib/node_modules/npm/node_modules/request/request.js:360:22)
35 verbose stack     at Request.EventEmitter.emit (events.js:98:17)
35 verbose stack     at Request.<anonymous> (/usr/local/lib/node_modules/npm/node_modules/request/request.js:1202:14)
35 verbose stack     at Request.EventEmitter.emit (events.js:117:20)
35 verbose stack     at IncomingMessage.<anonymous> (/usr/local/lib/node_modules/npm/node_modules/request/request.js:1150:12)
35 verbose stack     at IncomingMessage.EventEmitter.emit (events.js:117:20)
35 verbose stack     at _stream_readable.js:920:16
35 verbose stack     at process._tickCallback (node.js:415:13)
36 verbose statusCode 403
37 verbose pkgid athene2-editor
38 verbose cwd /home/user/NetBeansProjects/Athene2/athene2-editor
39 error Linux 3.13.0-49-generic
40 error argv "node" "/usr/local/bin/npm" "publish"
41 error node v0.10.25
42 error npm  v2.7.5
43 error code E403
44 error "You cannot publish over the previously published version 0.2.23." : athene2-editor
45 error If you need help, you may report this error at:
45 error     <https://github.com/npm/npm/issues>
46 verbose exit [ 1, true ]
